<?xml version="1.0" encoding="UTF-8"?>
<!-- Generated by org.testng.reporters.JUnitReportReporter -->
<testsuite skipped="0" hostname="Priyanks-MacBook-Pro.local" name="TestFramework.WeatherDataApiTest" tests="1" failures="0" timestamp="2020-12-01T03:50:36 IST" time="1.445" errors="0">
  <testcase name="weatherDataVerification" time="1.445" classname="TestFramework.WeatherDataApiTest"/>
  <system-out/>
</testsuite> <!-- TestFramework.WeatherDataApiTest -->
