<?xml version="1.0" encoding="UTF-8"?>
<!-- Generated by org.testng.reporters.JUnitReportReporter -->
<testsuite skipped="0" hostname="Priyanks-MacBook-Pro.local" name="api.ApiBase" tests="1" failures="0" timestamp="2020-12-01T03:01:26 IST" time="1.334" errors="0">
  <testcase name="weatherDataVerification" time="1.334" classname="api.ApiBase"/>
  <system-out/>
</testsuite> <!-- api.ApiBase -->
