<?xml version="1.0" encoding="UTF-8"?>
<!-- Generated by org.testng.reporters.JUnitReportReporter -->
<testsuite skipped="0" hostname="Priyanks-MacBook-Pro.local" name="TestFramework.ndtvPagesTest" tests="1" failures="0" timestamp="2020-12-01T01:46:27 IST" time="38.790" errors="0">
  <testcase name="weatherPageTest" time="38.790" classname="TestFramework.ndtvPagesTest"/>
  <system-out/>
</testsuite> <!-- TestFramework.ndtvPagesTest -->
