<?xml version="1.0" encoding="UTF-8"?>
<!-- Generated by org.testng.reporters.JUnitReportReporter -->
<testsuite skipped="0" hostname="Priyanks-MacBook-Pro.local" name="TestFramework.ndtvHomePageTest" tests="1" failures="0" timestamp="2020-11-30T04:43:36 IST" time="77.985" errors="0">
  <testcase name="loadWeatherPageTest" time="77.985" classname="TestFramework.ndtvHomePageTest"/>
  <system-out/>
</testsuite> <!-- TestFramework.ndtvHomePageTest -->
