<?xml version="1.0" encoding="UTF-8"?>
<!-- Generated by org.testng.reporters.JUnitReportReporter -->
<testsuite skipped="0" hostname="Priyanks-MacBook-Pro.local" name="TestFramework.NdtvWeatherTest" tests="1" failures="0" timestamp="2020-12-01T03:50:36 IST" time="31.454" errors="0">
  <testcase name="weatherPageTest" time="31.454" classname="TestFramework.NdtvWeatherTest"/>
  <system-out/>
</testsuite> <!-- TestFramework.NdtvWeatherTest -->
