<?xml version="1.0" encoding="UTF-8"?>
<!-- Generated by org.testng.reporters.JUnitReportReporter -->
<testsuite skipped="0" hostname="Priyanks-MacBook-Pro.local" name="test.WeatherDataApiTest" tests="1" failures="0" timestamp="2020-12-01T05:32:54 IST" time="62.592" errors="0">
  <testcase name="validateTemperature" time="62.592" classname="test.WeatherDataApiTest"/>
  <system-out/>
</testsuite> <!-- test.WeatherDataApiTest -->
