<?xml version="1.0" encoding="UTF-8"?>
<!-- Generated by org.testng.reporters.JUnitReportReporter -->
<testsuite skipped="0" hostname="Priyanks-MacBook-Pro.local" name="test.NdtvWeatherTest" tests="1" failures="0" timestamp="2020-12-01T05:24:09 IST" time="34.880" errors="0">
  <testcase name="weatherPageTest" time="34.880" classname="test.NdtvWeatherTest"/>
  <system-out/>
</testsuite> <!-- test.NdtvWeatherTest -->
